[ 2015-07-12T10:19:05+08:00 ] ::1 /index.php?m=Admin&c=user&a=index
ERR: SQLSTATE[42S02]: Base table or view not found: 1146 Table 'zhengquan.oauth' doesn't exist

[ 2015-07-12T10:24:56+08:00 ] ::1 /index.php?m=Admin&c=member&a=index
ERR: 模板不存在:./Application/Admin/View/Member/index.html

[ 2015-07-12T10:30:27+08:00 ] ::1 /index.php?m=Admin&c=manager&a=update&id=2
ERR: 无法加载控制器:Manager

[ 2015-07-12T10:37:07+08:00 ] ::1 /index.php?m=Admin&c=member&a=update&id=2
ERR: SQLSTATE[42S02]: Base table or view not found: 1146 Table 'zhengquan.manager' doesn't exist

[ 2015-07-12T11:45:55+08:00 ] ::1 /index.php?m=Admin&c=member&a=add
ERR: Think\Model:get_client_ip方法不存在！

[ 2015-07-12T11:54:23+08:00 ] ::1 /index.php?m=Admin&c=member&a=add
ERR: SQLSTATE[23000]: Integrity constraint violation: 1062 Duplicate entry '4' for key 'PRIMARY'

[ 2015-07-12T11:55:06+08:00 ] ::1 /index.php?m=Admin&c=member&a=add
ERR: SQLSTATE[23000]: Integrity constraint violation: 1062 Duplicate entry '4' for key 'PRIMARY'

[ 2015-07-12T13:04:24+08:00 ] ::1 /index.php?m=Admin&c=links&a=index
ERR: 模板不存在:./Application/Admin/View/Links/index.html

[ 2015-07-12T13:23:22+08:00 ] ::1 /index.php?m=Admin&c=post&a=index
ERR: SQLSTATE[42S02]: Base table or view not found: 1146 Table 'zhengquan.manager' doesn't exist

[ 2015-07-12T13:24:07+08:00 ] ::1 /index.php?m=Admin&c=post&a=index
ERR: SQLSTATE[42S02]: Base table or view not found: 1146 Table 'zhengquan.manager' doesn't exist

[ 2015-07-12T13:24:30+08:00 ] ::1 /index.php?m=Admin&c=post&a=index
ERR: SQLSTATE[42S22]: Column not found: 1054 Unknown column 'Manager.id' in 'on clause'

[ 2015-07-12T13:24:58+08:00 ] ::1 /index.php?m=Admin&c=post&a=index
ERR: SQLSTATE[42S02]: Base table or view not found: 1146 Table 'zhengquan.categoey' doesn't exist

[ 2015-07-12T13:57:39+08:00 ] ::1 /index.php?m=Admin&c=category&a=index
ERR: 参数错误或者未定义:key

[ 2015-07-12T22:00:12+08:00 ] ::1 /index.php?m=Admin&c=setting&a=test
ERR: aa

[ 2015-07-12T22:07:10+08:00 ] ::1 /index.php?m=Admin&c=setting&a=test
ERR: 非法操作:test

